<?xml version="1.0" encoding="UTF-8"?>
<!-- Generated by org.testng.reporters.JUnitReportReporter -->
<testsuite skipped="0" hostname="Lenovo-PBLDPFA" name="tests.Test" tests="1" failures="0" timestamp="2020-01-17T10:34:22 CET" time="29.835" errors="0">
  <testcase name="asUserShouldBeAbleToSendAndReceiveAnEmail" time="29.835" classname="tests.Test"/>
</testsuite> <!-- tests.Test -->
