<?xml version="1.0" encoding="UTF-8"?>
<!-- Generated by org.testng.reporters.JUnitReportReporter -->
<testsuite skipped="0" hostname="Lenovo-PBLDPFA" name="tests.Test" tests="1" failures="0" timestamp="2020-01-09T11:06:57 CET" time="18.473" errors="0">
  <testcase name="asUserShouldBeAbleToSendAndReceiveAnEmail" time="18.473" classname="tests.Test"/>
</testsuite> <!-- tests.Test -->
